2021-06-01 15:44:20.9897|20101|INFO|Microsoft.EntityFrameworkCore.Database.Command|Executed DbCommand (519ms) [Parameters=[], CommandType='Text', CommandTimeout='30']
CREATE DATABASE "ProductManagement"; 
2021-06-01 15:44:21.1724|20101|INFO|Microsoft.EntityFrameworkCore.Database.Command|Executed DbCommand (9ms) [Parameters=[], CommandType='Text', CommandTimeout='30']
CREATE TABLE "__EFMigrationsHistory" (
    "MigrationId" character varying(150) NOT NULL,
    "ProductVersion" character varying(32) NOT NULL,
    CONSTRAINT "PK___EFMigrationsHistory" PRIMARY KEY ("MigrationId")
); 
2021-06-01 15:44:21.2084|20101|INFO|Microsoft.EntityFrameworkCore.Database.Command|Executed DbCommand (8ms) [Parameters=[], CommandType='Text', CommandTimeout='30']
SELECT EXISTS (SELECT 1 FROM pg_catalog.pg_class c JOIN pg_catalog.pg_namespace n ON n.oid=c.relnamespace WHERE c.relname='__EFMigrationsHistory'); 
2021-06-01 15:44:21.2084|20101|INFO|Microsoft.EntityFrameworkCore.Database.Command|Executed DbCommand (1ms) [Parameters=[], CommandType='Text', CommandTimeout='30']
SELECT "MigrationId", "ProductVersion"
FROM "__EFMigrationsHistory"
ORDER BY "MigrationId"; 
2021-06-01 15:44:21.2536|20101|INFO|Microsoft.EntityFrameworkCore.Database.Command|Executed DbCommand (7ms) [Parameters=[], CommandType='Text', CommandTimeout='30']
CREATE TABLE "Categories" (
    "ID" integer NOT NULL GENERATED BY DEFAULT AS IDENTITY,
    "Name" text NULL,
    CONSTRAINT "PK_Categories" PRIMARY KEY ("ID")
); 
2021-06-01 15:44:21.2536|20101|INFO|Microsoft.EntityFrameworkCore.Database.Command|Executed DbCommand (7ms) [Parameters=[], CommandType='Text', CommandTimeout='30']
CREATE TABLE "Suppliers" (
    "ID" integer NOT NULL GENERATED BY DEFAULT AS IDENTITY,
    "Name" text NULL,
    "Address" text NULL,
    CONSTRAINT "PK_Suppliers" PRIMARY KEY ("ID")
); 
2021-06-01 15:44:21.2681|20101|INFO|Microsoft.EntityFrameworkCore.Database.Command|Executed DbCommand (7ms) [Parameters=[], CommandType='Text', CommandTimeout='30']
CREATE TABLE "Products" (
    "ID" integer NOT NULL GENERATED BY DEFAULT AS IDENTITY,
    "Name" text NULL,
    "Description" text NULL,
    "ReleaseDate" timestamp without time zone NOT NULL,
    "DiscontinuedDate" timestamp without time zone NOT NULL,
    "Rating" integer NOT NULL,
    "Price" double precision NOT NULL,
    "SupplierID" integer NULL,
    CONSTRAINT "PK_Products" PRIMARY KEY ("ID"),
    CONSTRAINT "FK_Products_Suppliers_SupplierID" FOREIGN KEY ("SupplierID") REFERENCES "Suppliers" ("ID") ON DELETE RESTRICT
); 
2021-06-01 15:44:26.1018|20101|INFO|Microsoft.EntityFrameworkCore.Database.Command|Executed DbCommand (9ms) [Parameters=[], CommandType='Text', CommandTimeout='30']
SELECT EXISTS (SELECT 1 FROM pg_catalog.pg_class c JOIN pg_catalog.pg_namespace n ON n.oid=c.relnamespace WHERE c.relname='__EFMigrationsHistory'); 
2021-06-01 15:44:26.1549|20101|INFO|Microsoft.EntityFrameworkCore.Database.Command|Executed DbCommand (0ms) [Parameters=[], CommandType='Text', CommandTimeout='30']
SELECT EXISTS (SELECT 1 FROM pg_catalog.pg_class c JOIN pg_catalog.pg_namespace n ON n.oid=c.relnamespace WHERE c.relname='__EFMigrationsHistory'); 
2021-06-01 15:44:26.1549|20101|INFO|Microsoft.EntityFrameworkCore.Database.Command|Executed DbCommand (1ms) [Parameters=[], CommandType='Text', CommandTimeout='30']
SELECT "MigrationId", "ProductVersion"
FROM "__EFMigrationsHistory"
ORDER BY "MigrationId"; 
2021-06-01 15:44:48.2773|20101|INFO|Microsoft.EntityFrameworkCore.Database.Command|Executed DbCommand (4ms) [Parameters=[], CommandType='Text', CommandTimeout='30']
CREATE TABLE "ProductCategories" (
    "ProductID" integer NOT NULL,
    "CategoryID" integer NOT NULL,
    CONSTRAINT "PK_ProductCategories" PRIMARY KEY ("ProductID", "CategoryID"),
    CONSTRAINT "FK_ProductCategories_Categories_CategoryID" FOREIGN KEY ("CategoryID") REFERENCES "Categories" ("ID") ON DELETE CASCADE,
    CONSTRAINT "FK_ProductCategories_Products_ProductID" FOREIGN KEY ("ProductID") REFERENCES "Products" ("ID") ON DELETE CASCADE
); 
2021-06-01 15:44:48.2841|20101|INFO|Microsoft.EntityFrameworkCore.Database.Command|Executed DbCommand (5ms) [Parameters=[], CommandType='Text', CommandTimeout='30']
CREATE TABLE "ProductDetails" (
    "ProductID" integer NOT NULL,
    "Details" text NULL,
    CONSTRAINT "PK_ProductDetails" PRIMARY KEY ("ProductID"),
    CONSTRAINT "FK_ProductDetails_Products_ProductID" FOREIGN KEY ("ProductID") REFERENCES "Products" ("ID") ON DELETE RESTRICT
); 
2021-06-01 15:44:48.2841|20101|INFO|Microsoft.EntityFrameworkCore.Database.Command|Executed DbCommand (2ms) [Parameters=[], CommandType='Text', CommandTimeout='30']
CREATE INDEX "IX_ProductCategories_CategoryID" ON "ProductCategories" ("CategoryID"); 
2021-06-01 15:44:48.2841|20101|INFO|Microsoft.EntityFrameworkCore.Database.Command|Executed DbCommand (2ms) [Parameters=[], CommandType='Text', CommandTimeout='30']
CREATE INDEX "IX_Products_SupplierID" ON "Products" ("SupplierID"); 
2021-06-01 15:44:48.2841|20101|INFO|Microsoft.EntityFrameworkCore.Database.Command|Executed DbCommand (0ms) [Parameters=[], CommandType='Text', CommandTimeout='30']
INSERT INTO "__EFMigrationsHistory" ("MigrationId", "ProductVersion")
VALUES ('20210524095949_test3', '3.1.11'); 
2021-06-01 15:44:48.3074|20101|INFO|Microsoft.EntityFrameworkCore.Database.Command|Executed DbCommand (7ms) [Parameters=[], CommandType='Text', CommandTimeout='30']
ALTER TABLE "ProductDetails" DROP CONSTRAINT "FK_ProductDetails_Products_ProductID"; 
2021-06-01 15:44:48.3074|20101|INFO|Microsoft.EntityFrameworkCore.Database.Command|Executed DbCommand (2ms) [Parameters=[], CommandType='Text', CommandTimeout='30']
ALTER TABLE "ProductDetails" ADD CONSTRAINT "FK_ProductDetails_Products_ProductID" FOREIGN KEY ("ProductID") REFERENCES "Products" ("ID") ON DELETE CASCADE; 
2021-06-01 15:44:48.3091|20102|ERROR|Microsoft.EntityFrameworkCore.Database.Command|Failed executing DbCommand (22,098ms) [Parameters=[], CommandType='Text', CommandTimeout='30']
CREATE TABLE "Categories" (
    "ID" integer NOT NULL GENERATED BY DEFAULT AS IDENTITY,
    "Name" text NULL,
    CONSTRAINT "PK_Categories" PRIMARY KEY ("ID")
); 
2021-06-01 15:44:48.3101|20101|INFO|Microsoft.EntityFrameworkCore.Database.Command|Executed DbCommand (0ms) [Parameters=[], CommandType='Text', CommandTimeout='30']
INSERT INTO "__EFMigrationsHistory" ("MigrationId", "ProductVersion")
VALUES ('20210527014155_test4', '3.1.11'); 
2021-06-01 15:46:01.9645|20101|INFO|Microsoft.EntityFrameworkCore.Database.Command|Executed DbCommand (9ms) [Parameters=[], CommandType='Text', CommandTimeout='30']
SELECT EXISTS (SELECT 1 FROM pg_catalog.pg_class c JOIN pg_catalog.pg_namespace n ON n.oid=c.relnamespace WHERE c.relname='__EFMigrationsHistory'); 
2021-06-01 15:46:02.0272|20101|INFO|Microsoft.EntityFrameworkCore.Database.Command|Executed DbCommand (1ms) [Parameters=[], CommandType='Text', CommandTimeout='30']
SELECT EXISTS (SELECT 1 FROM pg_catalog.pg_class c JOIN pg_catalog.pg_namespace n ON n.oid=c.relnamespace WHERE c.relname='__EFMigrationsHistory'); 
2021-06-01 15:46:02.0399|20101|INFO|Microsoft.EntityFrameworkCore.Database.Command|Executed DbCommand (2ms) [Parameters=[], CommandType='Text', CommandTimeout='30']
SELECT "MigrationId", "ProductVersion"
FROM "__EFMigrationsHistory"
ORDER BY "MigrationId"; 
2021-06-01 15:46:02.1079|20101|INFO|Microsoft.EntityFrameworkCore.Database.Command|Executed DbCommand (9ms) [Parameters=[], CommandType='Text', CommandTimeout='30']
CREATE TABLE "AspNetRoles" (
    "Id" uuid NOT NULL,
    "Name" character varying(256) NULL,
    "NormalizedName" character varying(256) NULL,
    "ConcurrencyStamp" text NULL,
    CONSTRAINT "PK_AspNetRoles" PRIMARY KEY ("Id")
); 
2021-06-01 15:46:02.1079|20101|INFO|Microsoft.EntityFrameworkCore.Database.Command|Executed DbCommand (5ms) [Parameters=[], CommandType='Text', CommandTimeout='30']
CREATE TABLE "AspNetUsers" (
    "Id" uuid NOT NULL,
    "UserName" character varying(256) NULL,
    "NormalizedUserName" character varying(256) NULL,
    "Email" character varying(256) NULL,
    "NormalizedEmail" character varying(256) NULL,
    "EmailConfirmed" boolean NOT NULL,
    "PasswordHash" text NULL,
    "SecurityStamp" text NULL,
    "ConcurrencyStamp" text NULL,
    "PhoneNumber" text NULL,
    "PhoneNumberConfirmed" boolean NOT NULL,
    "TwoFactorEnabled" boolean NOT NULL,
    "LockoutEnd" timestamp with time zone NULL,
    "LockoutEnabled" boolean NOT NULL,
    "AccessFailedCount" integer NOT NULL,
    "FirstName" text NULL,
    "LastName" text NULL,
    CONSTRAINT "PK_AspNetUsers" PRIMARY KEY ("Id")
); 
2021-06-01 15:46:02.1079|20101|INFO|Microsoft.EntityFrameworkCore.Database.Command|Executed DbCommand (6ms) [Parameters=[], CommandType='Text', CommandTimeout='30']
CREATE TABLE "AspNetRoleClaims" (
    "Id" integer NOT NULL GENERATED BY DEFAULT AS IDENTITY,
    "RoleId" uuid NOT NULL,
    "ClaimType" text NULL,
    "ClaimValue" text NULL,
    CONSTRAINT "PK_AspNetRoleClaims" PRIMARY KEY ("Id"),
    CONSTRAINT "FK_AspNetRoleClaims_AspNetRoles_RoleId" FOREIGN KEY ("RoleId") REFERENCES "AspNetRoles" ("Id") ON DELETE CASCADE
); 
2021-06-01 15:46:02.1261|20101|INFO|Microsoft.EntityFrameworkCore.Database.Command|Executed DbCommand (6ms) [Parameters=[], CommandType='Text', CommandTimeout='30']
CREATE TABLE "AspNetUserClaims" (
    "Id" integer NOT NULL GENERATED BY DEFAULT AS IDENTITY,
    "UserId" uuid NOT NULL,
    "ClaimType" text NULL,
    "ClaimValue" text NULL,
    CONSTRAINT "PK_AspNetUserClaims" PRIMARY KEY ("Id"),
    CONSTRAINT "FK_AspNetUserClaims_AspNetUsers_UserId" FOREIGN KEY ("UserId") REFERENCES "AspNetUsers" ("Id") ON DELETE CASCADE
); 
2021-06-01 15:46:02.2810|20101|INFO|Microsoft.EntityFrameworkCore.Database.Command|Executed DbCommand (9ms) [Parameters=[], CommandType='Text', CommandTimeout='30']
CREATE TABLE "AspNetUserLogins" (
    "LoginProvider" text NOT NULL,
    "ProviderKey" text NOT NULL,
    "ProviderDisplayName" text NULL,
    "UserId" uuid NOT NULL,
    CONSTRAINT "PK_AspNetUserLogins" PRIMARY KEY ("LoginProvider", "ProviderKey"),
    CONSTRAINT "FK_AspNetUserLogins_AspNetUsers_UserId" FOREIGN KEY ("UserId") REFERENCES "AspNetUsers" ("Id") ON DELETE CASCADE
); 
2021-06-01 15:46:02.2810|20101|INFO|Microsoft.EntityFrameworkCore.Database.Command|Executed DbCommand (6ms) [Parameters=[], CommandType='Text', CommandTimeout='30']
CREATE TABLE "AspNetUserRoles" (
    "UserId" uuid NOT NULL,
    "RoleId" uuid NOT NULL,
    CONSTRAINT "PK_AspNetUserRoles" PRIMARY KEY ("UserId", "RoleId"),
    CONSTRAINT "FK_AspNetUserRoles_AspNetRoles_RoleId" FOREIGN KEY ("RoleId") REFERENCES "AspNetRoles" ("Id") ON DELETE CASCADE,
    CONSTRAINT "FK_AspNetUserRoles_AspNetUsers_UserId" FOREIGN KEY ("UserId") REFERENCES "AspNetUsers" ("Id") ON DELETE CASCADE
); 
2021-06-01 15:46:02.2983|20101|INFO|Microsoft.EntityFrameworkCore.Database.Command|Executed DbCommand (7ms) [Parameters=[], CommandType='Text', CommandTimeout='30']
CREATE TABLE "AspNetUserTokens" (
    "UserId" uuid NOT NULL,
    "LoginProvider" text NOT NULL,
    "Name" text NOT NULL,
    "Value" text NULL,
    CONSTRAINT "PK_AspNetUserTokens" PRIMARY KEY ("UserId", "LoginProvider", "Name"),
    CONSTRAINT "FK_AspNetUserTokens_AspNetUsers_UserId" FOREIGN KEY ("UserId") REFERENCES "AspNetUsers" ("Id") ON DELETE CASCADE
); 
2021-06-01 15:46:03.2820|20101|INFO|Microsoft.EntityFrameworkCore.Database.Command|Executed DbCommand (3ms) [Parameters=[], CommandType='Text', CommandTimeout='30']
CREATE INDEX "IX_AspNetRoleClaims_RoleId" ON "AspNetRoleClaims" ("RoleId"); 
2021-06-01 15:46:03.2820|20101|INFO|Microsoft.EntityFrameworkCore.Database.Command|Executed DbCommand (3ms) [Parameters=[], CommandType='Text', CommandTimeout='30']
CREATE UNIQUE INDEX "RoleNameIndex" ON "AspNetRoles" ("NormalizedName"); 
2021-06-01 15:46:03.2820|20101|INFO|Microsoft.EntityFrameworkCore.Database.Command|Executed DbCommand (3ms) [Parameters=[], CommandType='Text', CommandTimeout='30']
CREATE INDEX "IX_AspNetUserClaims_UserId" ON "AspNetUserClaims" ("UserId"); 
2021-06-01 15:46:03.2820|20101|INFO|Microsoft.EntityFrameworkCore.Database.Command|Executed DbCommand (3ms) [Parameters=[], CommandType='Text', CommandTimeout='30']
CREATE INDEX "IX_AspNetUserLogins_UserId" ON "AspNetUserLogins" ("UserId"); 
2021-06-01 15:46:03.2953|20101|INFO|Microsoft.EntityFrameworkCore.Database.Command|Executed DbCommand (2ms) [Parameters=[], CommandType='Text', CommandTimeout='30']
CREATE INDEX "IX_AspNetUserRoles_RoleId" ON "AspNetUserRoles" ("RoleId"); 
2021-06-01 15:46:03.2953|20101|INFO|Microsoft.EntityFrameworkCore.Database.Command|Executed DbCommand (2ms) [Parameters=[], CommandType='Text', CommandTimeout='30']
CREATE INDEX "EmailIndex" ON "AspNetUsers" ("NormalizedEmail"); 
2021-06-01 15:46:03.2953|20101|INFO|Microsoft.EntityFrameworkCore.Database.Command|Executed DbCommand (2ms) [Parameters=[], CommandType='Text', CommandTimeout='30']
CREATE UNIQUE INDEX "UserNameIndex" ON "AspNetUsers" ("NormalizedUserName"); 
2021-06-01 15:46:03.2953|20101|INFO|Microsoft.EntityFrameworkCore.Database.Command|Executed DbCommand (0ms) [Parameters=[], CommandType='Text', CommandTimeout='30']
INSERT INTO "__EFMigrationsHistory" ("MigrationId", "ProductVersion")
VALUES ('20210601084536_identity', '3.1.11'); 
2021-06-01 16:48:56.1843||DEBUG|ProductManagement.API.Program|nothing happen 
2021-06-01 17:12:26.9484||DEBUG|ProductManagement.API.Program|nothing happen 
2021-06-01 17:23:35.1563||ERROR|ProductManagement.API.Middlewares.ErrorHandlingMiddleware|Value cannot be null. (Parameter 'logger') 
2021-06-01 17:24:58.2346||DEBUG|ProductManagement.API.Program|nothing happen 
2021-06-01 17:25:01.5161||INFO|ProductManagement.API.Controllers.AuthController|SignUp 
2021-06-01 17:25:01.5334|14|WARN|Microsoft.AspNetCore.Identity.UserManager|User (null) password validation failed: PasswordTooShort;PasswordRequiresNonAlphanumeric;PasswordRequiresLower;PasswordRequiresUpper. 
2021-06-01 17:25:19.6040||INFO|ProductManagement.API.Controllers.AuthController|SignUp 
2021-06-01 17:25:19.6062|14|WARN|Microsoft.AspNetCore.Identity.UserManager|User (null) password validation failed: PasswordRequiresNonAlphanumeric;PasswordRequiresLower. 
2021-06-01 17:25:24.0842||INFO|ProductManagement.API.Controllers.AuthController|SignUp 
2021-06-01 17:25:24.0842|14|WARN|Microsoft.AspNetCore.Identity.UserManager|User (null) password validation failed: PasswordRequiresLower. 
2021-06-01 17:25:35.6390||INFO|ProductManagement.API.Controllers.AuthController|SignUp 
2021-06-01 17:25:36.8139|20101|INFO|Microsoft.EntityFrameworkCore.Database.Command|Executed DbCommand (8ms) [Parameters=[@__normalizedUserName_0='?'], CommandType='Text', CommandTimeout='30']
SELECT a."Id", a."AccessFailedCount", a."ConcurrencyStamp", a."Email", a."EmailConfirmed", a."FirstName", a."LastName", a."LockoutEnabled", a."LockoutEnd", a."NormalizedEmail", a."NormalizedUserName", a."PasswordHash", a."PhoneNumber", a."PhoneNumberConfirmed", a."SecurityStamp", a."TwoFactorEnabled", a."UserName"
FROM "AspNetUsers" AS a
WHERE a."NormalizedUserName" = @__normalizedUserName_0
LIMIT 1 
2021-06-01 17:25:36.9585|20101|INFO|Microsoft.EntityFrameworkCore.Database.Command|Executed DbCommand (8ms) [Parameters=[@p0='?' (DbType = Guid), @p1='?' (DbType = Int32), @p2='?', @p3='?', @p4='?' (DbType = Boolean), @p5='?', @p6='?', @p7='?' (DbType = Boolean), @p8='?' (DbType = DateTimeOffset), @p9='?', @p10='?', @p11='?', @p12='?', @p13='?' (DbType = Boolean), @p14='?', @p15='?' (DbType = Boolean), @p16='?'], CommandType='Text', CommandTimeout='30']
INSERT INTO "AspNetUsers" ("Id", "AccessFailedCount", "ConcurrencyStamp", "Email", "EmailConfirmed", "FirstName", "LastName", "LockoutEnabled", "LockoutEnd", "NormalizedEmail", "NormalizedUserName", "PasswordHash", "PhoneNumber", "PhoneNumberConfirmed", "SecurityStamp", "TwoFactorEnabled", "UserName")
VALUES (@p0, @p1, @p2, @p3, @p4, @p5, @p6, @p7, @p8, @p9, @p10, @p11, @p12, @p13, @p14, @p15, @p16); 
2021-06-01 17:26:58.9674||INFO|ProductManagement.API.Controllers.AuthController|Create Roles 
2021-06-01 17:26:58.9968|20101|INFO|Microsoft.EntityFrameworkCore.Database.Command|Executed DbCommand (1ms) [Parameters=[@__normalizedName_0='?'], CommandType='Text', CommandTimeout='30']
SELECT a."Id", a."ConcurrencyStamp", a."Name", a."NormalizedName"
FROM "AspNetRoles" AS a
WHERE a."NormalizedName" = @__normalizedName_0
LIMIT 1 
2021-06-01 17:26:58.9968|20101|INFO|Microsoft.EntityFrameworkCore.Database.Command|Executed DbCommand (1ms) [Parameters=[@p0='?' (DbType = Guid), @p1='?', @p2='?', @p3='?'], CommandType='Text', CommandTimeout='30']
INSERT INTO "AspNetRoles" ("Id", "ConcurrencyStamp", "Name", "NormalizedName")
VALUES (@p0, @p1, @p2, @p3); 
2021-06-01 17:30:48.6183||INFO|ProductManagement.API.Controllers.AuthController|Create Roles 
2021-06-01 17:35:31.7041||DEBUG|ProductManagement.API.Program|nothing happen 
2021-06-01 17:35:48.6927||INFO|ProductManagement.API.Controllers.AuthController|Create Roles 
2021-06-01 17:35:49.6870|20101|INFO|Microsoft.EntityFrameworkCore.Database.Command|Executed DbCommand (7ms) [Parameters=[@__normalizedName_0='?'], CommandType='Text', CommandTimeout='30']
SELECT a."Id", a."ConcurrencyStamp", a."Name", a."NormalizedName"
FROM "AspNetRoles" AS a
WHERE a."NormalizedName" = @__normalizedName_0
LIMIT 1 
2021-06-01 17:35:49.8096|20101|INFO|Microsoft.EntityFrameworkCore.Database.Command|Executed DbCommand (2ms) [Parameters=[@p0='?' (DbType = Guid), @p1='?', @p2='?', @p3='?'], CommandType='Text', CommandTimeout='30']
INSERT INTO "AspNetRoles" ("Id", "ConcurrencyStamp", "Name", "NormalizedName")
VALUES (@p0, @p1, @p2, @p3); 
2021-06-01 18:04:29.0514||DEBUG|ProductManagement.API.Program|nothing happen 
2021-06-01 18:08:52.7011||INFO|ProductManagement.API.Controllers.AuthController|Add User to Role 
2021-06-01 18:08:53.6998|20101|INFO|Microsoft.EntityFrameworkCore.Database.Command|Executed DbCommand (5ms) [Parameters=[@__addUserToRole_UserEmail_0='?'], CommandType='Text', CommandTimeout='30']
SELECT a."Id", a."AccessFailedCount", a."ConcurrencyStamp", a."Email", a."EmailConfirmed", a."FirstName", a."LastName", a."LockoutEnabled", a."LockoutEnd", a."NormalizedEmail", a."NormalizedUserName", a."PasswordHash", a."PhoneNumber", a."PhoneNumberConfirmed", a."SecurityStamp", a."TwoFactorEnabled", a."UserName"
FROM "AspNetUsers" AS a
WHERE a."UserName" = @__addUserToRole_UserEmail_0
LIMIT 2 
2021-06-01 18:08:53.7832|20101|INFO|Microsoft.EntityFrameworkCore.Database.Command|Executed DbCommand (5ms) [Parameters=[@__normalizedRoleName_0='?'], CommandType='Text', CommandTimeout='30']
SELECT a."Id", a."ConcurrencyStamp", a."Name", a."NormalizedName"
FROM "AspNetRoles" AS a
WHERE a."NormalizedName" = @__normalizedRoleName_0
LIMIT 2 
2021-06-01 18:08:53.8116|20101|INFO|Microsoft.EntityFrameworkCore.Database.Command|Executed DbCommand (3ms) [Parameters=[@__p_0='?' (DbType = Guid), @__p_1='?' (DbType = Guid)], CommandType='Text', CommandTimeout='30']
SELECT a."UserId", a."RoleId"
FROM "AspNetUserRoles" AS a
WHERE (a."UserId" = @__p_0) AND (a."RoleId" = @__p_1)
LIMIT 1 
2021-06-01 18:08:53.8116|20101|INFO|Microsoft.EntityFrameworkCore.Database.Command|Executed DbCommand (0ms) [Parameters=[@__normalizedRoleName_0='?'], CommandType='Text', CommandTimeout='30']
SELECT a."Id", a."ConcurrencyStamp", a."Name", a."NormalizedName"
FROM "AspNetRoles" AS a
WHERE a."NormalizedName" = @__normalizedRoleName_0
LIMIT 2 
2021-06-01 18:08:53.8493|20101|INFO|Microsoft.EntityFrameworkCore.Database.Command|Executed DbCommand (0ms) [Parameters=[@__normalizedUserName_0='?'], CommandType='Text', CommandTimeout='30']
SELECT a."Id", a."AccessFailedCount", a."ConcurrencyStamp", a."Email", a."EmailConfirmed", a."FirstName", a."LastName", a."LockoutEnabled", a."LockoutEnd", a."NormalizedEmail", a."NormalizedUserName", a."PasswordHash", a."PhoneNumber", a."PhoneNumberConfirmed", a."SecurityStamp", a."TwoFactorEnabled", a."UserName"
FROM "AspNetUsers" AS a
WHERE a."NormalizedUserName" = @__normalizedUserName_0
LIMIT 1 
2021-06-01 18:08:53.9315|20101|INFO|Microsoft.EntityFrameworkCore.Database.Command|Executed DbCommand (8ms) [Parameters=[@p0='?' (DbType = Guid), @p1='?' (DbType = Guid), @p18='?' (DbType = Guid), @p2='?' (DbType = Int32), @p3='?', @p19='?', @p4='?', @p5='?' (DbType = Boolean), @p6='?', @p7='?', @p8='?' (DbType = Boolean), @p9='?' (DbType = DateTimeOffset), @p10='?', @p11='?', @p12='?', @p13='?', @p14='?' (DbType = Boolean), @p15='?', @p16='?' (DbType = Boolean), @p17='?'], CommandType='Text', CommandTimeout='30']
INSERT INTO "AspNetUserRoles" ("UserId", "RoleId")
VALUES (@p0, @p1);
UPDATE "AspNetUsers" SET "AccessFailedCount" = @p2, "ConcurrencyStamp" = @p3, "Email" = @p4, "EmailConfirmed" = @p5, "FirstName" = @p6, "LastName" = @p7, "LockoutEnabled" = @p8, "LockoutEnd" = @p9, "NormalizedEmail" = @p10, "NormalizedUserName" = @p11, "PasswordHash" = @p12, "PhoneNumber" = @p13, "PhoneNumberConfirmed" = @p14, "SecurityStamp" = @p15, "TwoFactorEnabled" = @p16, "UserName" = @p17
WHERE "Id" = @p18 AND "ConcurrencyStamp" = @p19; 
2021-06-01 18:09:57.4819||INFO|ProductManagement.API.Controllers.AuthController|SignIn 
2021-06-01 18:09:57.5085|20101|INFO|Microsoft.EntityFrameworkCore.Database.Command|Executed DbCommand (1ms) [Parameters=[@__userLoginResource_Email_0='?'], CommandType='Text', CommandTimeout='30']
SELECT a."Id", a."AccessFailedCount", a."ConcurrencyStamp", a."Email", a."EmailConfirmed", a."FirstName", a."LastName", a."LockoutEnabled", a."LockoutEnd", a."NormalizedEmail", a."NormalizedUserName", a."PasswordHash", a."PhoneNumber", a."PhoneNumberConfirmed", a."SecurityStamp", a."TwoFactorEnabled", a."UserName"
FROM "AspNetUsers" AS a
WHERE a."UserName" = @__userLoginResource_Email_0
LIMIT 2 
2021-06-01 18:09:57.5666|20101|INFO|Microsoft.EntityFrameworkCore.Database.Command|Executed DbCommand (2ms) [Parameters=[@__userId_0='?' (DbType = Guid)], CommandType='Text', CommandTimeout='30']
SELECT a0."Name"
FROM "AspNetUserRoles" AS a
INNER JOIN "AspNetRoles" AS a0 ON a."RoleId" = a0."Id"
WHERE a."UserId" = @__userId_0 
2021-06-01 18:10:59.3239||INFO|ProductManagement.Application.ProductsService.Services.ProductServices|GetAllProduct 
2021-06-01 18:10:59.3389|20101|INFO|Microsoft.EntityFrameworkCore.Database.Command|Executed DbCommand (1ms) [Parameters=[], CommandType='Text', CommandTimeout='30']
SELECT p."ID", p."Description", p."DiscontinuedDate", p."Name", p."Price", p."Rating", p."ReleaseDate", p."SupplierID"
FROM "Products" AS p 
