2021-05-26 14:23:24.5480||DEBUG|ProductManagement.API.Program|nothing happen |url: |action: 
2021-05-26 14:23:33.2558||INFO|ProductManagement.API.Controllers.ProductsController|Post Request test |url: http://localhost/api/products|action: AddProduct
2021-05-26 14:24:26.6075||INFO|ProductManagement.API.Controllers.ProductsController|Post Request test |url: http://localhost/api/products|action: AddProduct
2021-05-26 14:27:15.9555||ERROR|ProductManagement.API.Middlewares.ErrorHandlingMiddleware|Error Save !!!  |url: http://localhost/api/products/1|action: UpdatePutProduct
2021-05-26 14:27:27.3029||ERROR|ProductManagement.API.Middlewares.ErrorHandlingMiddleware|Error Save !!!  |url: http://localhost/api/products/1|action: UpdatePutProduct
2021-05-26 14:28:18.4281||DEBUG|ProductManagement.API.Program|nothing happen |url: |action: 
2021-05-26 14:32:18.6864||DEBUG|ProductManagement.API.Program|nothing happen |url: |action: 
2021-05-26 14:33:20.9658||DEBUG|ProductManagement.API.Program|nothing happen |url: |action: 
2021-05-26 14:34:06.0692||ERROR|ProductManagement.API.Middlewares.ErrorHandlingMiddleware|Error Save !!!  |url: http://localhost/api/products/1|action: UpdatePutProduct
2021-05-26 14:35:26.9208||ERROR|ProductManagement.API.Middlewares.ErrorHandlingMiddleware|Error Save !!!  |url: http://localhost/api/products/1|action: UpdatePutProduct
2021-05-26 14:37:07.8771||DEBUG|ProductManagement.API.Program|nothing happen |url: |action: 
2021-05-26 14:37:37.9966||ERROR|ProductManagement.API.Middlewares.ErrorHandlingMiddleware|Error Save !!!  |url: http://localhost/api/products/1|action: UpdatePutProduct
2021-05-26 14:39:08.3211||DEBUG|ProductManagement.API.Program|nothing happen |url: |action: 
2021-05-26 14:42:51.2419||DEBUG|ProductManagement.API.Program|nothing happen |url: |action: 
2021-05-26 14:43:29.0242||ERROR|ProductManagement.API.Middlewares.ErrorHandlingMiddleware|Error Save !!!  |url: http://localhost/api/products/1|action: UpdatePutProduct
2021-05-26 14:43:34.9268||ERROR|ProductManagement.API.Middlewares.ErrorHandlingMiddleware|Error Save !!!  |url: http://localhost/api/products/1|action: UpdatePutProduct
2021-05-26 14:48:08.4429||DEBUG|ProductManagement.API.Program|nothing happen |url: |action: 
2021-05-26 14:49:02.0003||INFO|ProductManagement.API.Controllers.ProductsController|Post Request test |url: http://localhost/api/products|action: AddProduct
2021-05-26 14:49:38.2092||INFO|ProductManagement.API.Controllers.ProductsController|Post Request test |url: http://localhost/api/products|action: AddProduct
2021-05-26 14:50:37.2289||INFO|ProductManagement.API.Controllers.ProductsController|Post Request test |url: http://localhost/api/products|action: AddProduct
2021-05-26 14:52:24.1082||DEBUG|ProductManagement.API.Program|nothing happen |url: |action: 
2021-05-26 14:52:30.7975||INFO|ProductManagement.API.Controllers.ProductsController|Post Request test |url: http://localhost/api/products|action: AddProduct
2021-05-26 14:59:02.3259||DEBUG|ProductManagement.API.Program|nothing happen |url: |action: 
2021-05-26 14:59:21.2106||ERROR|ProductManagement.API.Middlewares.ErrorHandlingMiddleware|Error Save !!!  |url: http://localhost/api/products/1|action: UpdatePutProduct
2021-05-26 15:02:40.9470||DEBUG|ProductManagement.API.Program|nothing happen |url: |action: 
2021-05-26 15:04:13.2016||DEBUG|ProductManagement.API.Program|nothing happen |url: |action: 
2021-05-26 15:11:01.9690||DEBUG|ProductManagement.API.Program|nothing happen |url: |action: 
2021-05-26 15:19:08.4721||DEBUG|ProductManagement.API.Program|nothing happen |url: |action: 
2021-05-26 15:19:17.6071||INFO|ProductManagement.API.Controllers.ProductsController|AddProduct |url: http://localhost/api/products|action: AddPostProduct
2021-05-26 15:19:17.6266||INFO|ProductManagement.Application.ProductsService.Services.ProductServices|AddProduct |url: http://localhost/api/products|action: AddPostProduct
2021-05-26 15:19:44.6400||INFO|ProductManagement.API.Controllers.ProductsController|UpdatePutProduct |url: http://localhost/api/products/1|action: UpdatePutProduct
2021-05-26 15:19:44.6495||INFO|ProductManagement.Application.ProductsService.Services.ProductServices|EditProductData |url: http://localhost/api/products/1|action: UpdatePutProduct
2021-05-26 15:22:12.9834||DEBUG|ProductManagement.API.Program|nothing happen |url: |action: 
2021-05-26 15:22:21.3386||INFO|ProductManagement.Application.ProductsService.Services.ProductServices|GetAllProduct |url: http://localhost/api/products|action: GetAllProduct
2021-05-26 15:26:38.5930||DEBUG|ProductManagement.API.Program|nothing happen |url: |action: 
2021-05-26 15:27:12.0465||DEBUG|ProductManagement.API.Program|nothing happen |url: |action: 
2021-05-26 15:27:27.6893||INFO|ProductManagement.Application.ProductsService.Services.ProductServices|GetAllProduct |url: http://localhost/api/products|action: GetAllProduct
2021-05-26 15:27:45.4702||INFO|ProductManagement.Application.ProductsService.Services.ProductServices|GetAllProduct |url: http://localhost/api/products|action: GetAllProduct
2021-05-26 15:27:48.5559||INFO|ProductManagement.Application.ProductsService.Services.ProductServices|GetAllProduct |url: http://localhost/api/products|action: GetAllProduct
2021-05-26 15:28:00.0488||DEBUG|ProductManagement.API.Program|nothing happen |url: |action: 
2021-05-26 15:28:05.7096||INFO|ProductManagement.Application.ProductsService.Services.ProductServices|GetAllProduct |url: http://localhost/api/products|action: GetAllProduct
2021-05-26 15:28:53.3527||INFO|ProductManagement.Application.ProductsService.Services.ProductServices|GetAllProduct |url: http://localhost/api/products|action: GetAllProduct
2021-05-26 15:29:16.1291||DEBUG|ProductManagement.API.Program|nothing happen |url: |action: 
2021-05-26 15:30:53.1611||INFO|ProductManagement.Application.ProductsService.Services.ProductServices|GetByQuery |url: http://localhost/api/products/filter|action: GetProductByQuery
2021-05-26 15:30:54.0292|10108|WARN|Microsoft.EntityFrameworkCore.Query|Collection navigations are only considered null if their parent entity is null. Use '.Any()' to check whether collection navigation 'ProductManagement.Domain.Product.ProductManagement.Domain.ProductCategory' is empty. |url: http://localhost/api/products/filter|action: GetProductByQuery
2021-05-26 15:31:04.9819||INFO|ProductManagement.Application.ProductsService.Services.ProductServices|GetByQuery |url: http://localhost/api/products/filter|action: GetProductByQuery
2021-05-26 15:31:13.4197||INFO|ProductManagement.Application.ProductsService.Services.ProductServices|GetByQuery |url: http://localhost/api/products/filter|action: GetProductByQuery
2021-05-26 15:32:21.1998||INFO|ProductManagement.Application.ProductsService.Services.ProductServices|GetByQuery |url: http://localhost/api/products/filter|action: GetProductByQuery
2021-05-26 15:32:38.3719||INFO|ProductManagement.Application.ProductsService.Services.ProductServices|GetByQuery |url: http://localhost/api/products/filter|action: GetProductByQuery
2021-05-26 15:32:38.4053|10108|WARN|Microsoft.EntityFrameworkCore.Query|Collection navigations are only considered null if their parent entity is null. Use '.Any()' to check whether collection navigation 'ProductManagement.Domain.Product.ProductManagement.Domain.ProductCategory' is empty. |url: http://localhost/api/products/filter|action: GetProductByQuery
2021-05-26 15:32:44.8588||INFO|ProductManagement.Application.ProductsService.Services.ProductServices|GetByQuery |url: http://localhost/api/products/filter|action: GetProductByQuery
2021-05-26 15:33:00.3692||INFO|ProductManagement.Application.ProductsService.Services.ProductServices|GetByQuery |url: http://localhost/api/products/filter|action: GetProductByQuery
2021-05-26 15:33:27.1868||INFO|ProductManagement.Application.ProductsService.Services.ProductServices|GetByQuery |url: http://localhost/api/products/filter|action: GetProductByQuery
2021-05-26 15:33:47.0656||INFO|ProductManagement.Application.ProductsService.Services.ProductServices|GetByQuery |url: http://localhost/api/products/filter|action: GetProductByQuery
2021-05-26 15:33:54.0976||INFO|ProductManagement.Application.ProductsService.Services.ProductServices|GetByQuery |url: http://localhost/api/products/filter|action: GetProductByQuery
2021-05-26 15:34:09.0532||INFO|ProductManagement.Application.ProductsService.Services.ProductServices|GetByQuery |url: http://localhost/api/products/filter|action: GetProductByQuery
2021-05-26 15:35:53.3148||INFO|ProductManagement.API.Controllers.ProductsController|UpdatePutProduct |url: http://localhost/api/products/1|action: UpdatePutProduct
2021-05-26 15:35:53.3148||INFO|ProductManagement.Application.ProductsService.Services.ProductServices|EditProductData |url: http://localhost/api/products/1|action: UpdatePutProduct
2021-05-26 15:35:55.8856||INFO|ProductManagement.Application.ProductsService.Services.ProductServices|GetProductById |url: http://localhost/api/products/1|action: GetProductById
2021-05-26 15:46:26.3102||DEBUG|ProductManagement.API.Program|nothing happen |url: |action: 
2021-05-26 15:50:17.9839||INFO|ProductManagement.API.Controllers.ProductsController|UpdatePricetProduct |url: http://localhost/api/products/updateprice/1|action: UpdatePricetProduct
2021-05-26 15:50:18.0049||INFO|ProductManagement.Application.ProductsService.Services.ProductServices|UpdatePrice |url: http://localhost/api/products/updateprice/1|action: UpdatePricetProduct
2021-05-26 15:50:23.6058||INFO|ProductManagement.Application.ProductsService.Services.ProductServices|GetProductById |url: http://localhost/api/products/1|action: GetProductById
2021-05-26 15:50:27.5722||INFO|ProductManagement.API.Controllers.ProductsController|UpdatePutProduct |url: http://localhost/api/products/1|action: UpdatePutProduct
2021-05-26 15:50:27.5722||INFO|ProductManagement.Application.ProductsService.Services.ProductServices|EditProductData |url: http://localhost/api/products/1|action: UpdatePutProduct
2021-05-26 15:50:30.0983||INFO|ProductManagement.Application.ProductsService.Services.ProductServices|GetProductById |url: http://localhost/api/products/1|action: GetProductById
2021-05-26 15:50:33.8044||INFO|ProductManagement.API.Controllers.ProductsController|UpdatePricetProduct |url: http://localhost/api/products/updateprice/1|action: UpdatePricetProduct
2021-05-26 15:50:33.8044||INFO|ProductManagement.Application.ProductsService.Services.ProductServices|UpdatePrice |url: http://localhost/api/products/updateprice/1|action: UpdatePricetProduct
2021-05-26 15:50:35.9023||INFO|ProductManagement.Application.ProductsService.Services.ProductServices|GetProductById |url: http://localhost/api/products/1|action: GetProductById
2021-05-26 15:50:42.3003||INFO|ProductManagement.API.Controllers.ProductsController|UpdatePricetProduct |url: http://localhost/api/products/updateprice/1|action: UpdatePricetProduct
2021-05-26 15:50:42.3003||INFO|ProductManagement.Application.ProductsService.Services.ProductServices|UpdatePrice |url: http://localhost/api/products/updateprice/1|action: UpdatePricetProduct
2021-05-26 15:50:44.3778||INFO|ProductManagement.Application.ProductsService.Services.ProductServices|GetProductById |url: http://localhost/api/products/1|action: GetProductById
2021-05-26 15:55:43.2108||DEBUG|ProductManagement.API.Program|nothing happen |url: |action: 
2021-05-26 15:56:26.6100||INFO|ProductManagement.Application.ProductsService.Services.ProductServices|GetByQuery |url: http://localhost/api/products/filter|action: GetProductByQueryPost
2021-05-26 15:57:24.6116||INFO|ProductManagement.Application.ProductsService.Services.ProductServices|GetByQuery |url: http://localhost/api/products/filter|action: GetProductByQueryPost
2021-05-26 15:57:50.0831||INFO|ProductManagement.Application.ProductsService.Services.ProductServices|GetByQuery |url: http://localhost/api/products/filter|action: GetProductByQueryPost
2021-05-26 15:59:00.6026||INFO|ProductManagement.Application.ProductsService.Services.ProductServices|GetByQuery |url: http://localhost/api/products/filter|action: GetProductByQueryPost
2021-05-26 16:01:06.8259||DEBUG|ProductManagement.API.Program|nothing happen |url: |action: 
2021-05-26 16:01:11.1842||INFO|ProductManagement.Application.ProductsService.Services.ProductServices|GetByQuery |url: http://localhost/api/products/filter|action: GetProductByQueryPost
2021-05-26 16:02:21.7228||INFO|ProductManagement.Application.ProductsService.Services.ProductServices|GetByQuery |url: http://localhost/api/products/filter|action: GetProductByQueryPost
2021-05-26 16:03:14.6080||DEBUG|ProductManagement.API.Program|nothing happen |url: |action: 
2021-05-26 16:03:27.7806||INFO|ProductManagement.Application.ProductsService.Services.ProductServices|GetAllProduct |url: http://localhost/api/products|action: GetAllProduct
2021-05-26 16:05:15.9022||INFO|ProductManagement.Application.ProductsService.Services.ProductServices|GetProductById |url: http://localhost/api/products/12|action: GetProductById
2021-05-26 16:05:44.8003||INFO|ProductManagement.Application.ProductsService.Services.ProductServices|GetProductById |url: http://localhost/api/products/123|action: GetProductById
2021-05-26 16:08:46.0693||INFO|ProductManagement.Application.ProductsService.Services.ProductServices|GetAllProduct |url: http://localhost/api/products|action: GetAllProduct
2021-05-26 16:08:52.8257||INFO|ProductManagement.Application.ProductsService.Services.ProductServices|GetAllProduct |url: http://localhost/api/products/|action: GetAllProduct
2021-05-26 16:20:03.5777||INFO|ProductManagement.API.Controllers.ProductsController|AddProduct |url: http://localhost/api/products|action: AddPostProduct
2021-05-26 16:20:03.5777||INFO|ProductManagement.Application.ProductsService.Services.ProductServices|AddProduct |url: http://localhost/api/products|action: AddPostProduct
2021-05-26 16:20:41.8225||INFO|ProductManagement.API.Controllers.ProductsController|AddProduct |url: http://localhost/api/products|action: AddPostProduct
2021-05-26 16:20:41.8225||INFO|ProductManagement.Application.ProductsService.Services.ProductServices|AddProduct |url: http://localhost/api/products|action: AddPostProduct
2021-05-26 16:20:41.8559|20102|ERROR|Microsoft.EntityFrameworkCore.Database.Command|Failed executing DbCommand (13ms) [Parameters=[@p0='?', @p1='?' (DbType = DateTime), @p2='?', @p3='?' (DbType = Double), @p4='?' (DbType = Int32), @p5='?' (DbType = DateTime), @p6='?' (DbType = Int32)], CommandType='Text', CommandTimeout='30']
INSERT INTO "Products" ("Description", "DiscontinuedDate", "Name", "Price", "Rating", "ReleaseDate", "SupplierID")
VALUES (@p0, @p1, @p2, @p3, @p4, @p5, @p6)
RETURNING "ID"; |url: http://localhost/api/products|action: AddPostProduct
2021-05-26 16:20:41.9326|10000|ERROR|Microsoft.EntityFrameworkCore.Update|An exception occurred in the database while saving changes for context type 'ProductManagement.Persistences.ProductDataContext'.
Microsoft.EntityFrameworkCore.DbUpdateException: An error occurred while updating the entries. See the inner exception for details.
 ---> Npgsql.PostgresException (0x80004005): 23503: insert or update on table "Products" violates foreign key constraint "FK_Products_Suppliers_SupplierID"
   at Npgsql.NpgsqlConnector.<>c__DisplayClass160_0.<<DoReadMessage>g__ReadMessageLong|0>d.MoveNext()
--- End of stack trace from previous location where exception was thrown ---
   at Npgsql.NpgsqlConnector.<>c__DisplayClass160_0.<<DoReadMessage>g__ReadMessageLong|0>d.MoveNext()
--- End of stack trace from previous location where exception was thrown ---
   at Npgsql.NpgsqlDataReader.NextResult(Boolean async, Boolean isConsuming)
   at Npgsql.NpgsqlCommand.ExecuteReaderAsync(CommandBehavior behavior, Boolean async, CancellationToken cancellationToken)
   at Npgsql.NpgsqlCommand.ExecuteDbDataReaderAsync(CommandBehavior behavior, CancellationToken cancellationToken)
   at Microsoft.EntityFrameworkCore.Storage.RelationalCommand.ExecuteReaderAsync(RelationalCommandParameterObject parameterObject, CancellationToken cancellationToken)
   at Microsoft.EntityFrameworkCore.Storage.RelationalCommand.ExecuteReaderAsync(RelationalCommandParameterObject parameterObject, CancellationToken cancellationToken)
   at Microsoft.EntityFrameworkCore.Storage.RelationalCommand.ExecuteReaderAsync(RelationalCommandParameterObject parameterObject, CancellationToken cancellationToken)
   at Microsoft.EntityFrameworkCore.Update.ReaderModificationCommandBatch.ExecuteAsync(IRelationalConnection connection, CancellationToken cancellationToken)
  Exception data:
    Severity: ERROR
    SqlState: 23503
    MessageText: insert or update on table "Products" violates foreign key constraint "FK_Products_Suppliers_SupplierID"
    Detail: Detail redacted as it may contain sensitive data. Specify 'Include Error Detail' in the connection string to include this information.
    SchemaName: public
    TableName: Products
    ConstraintName: FK_Products_Suppliers_SupplierID
    File: d:\pginstaller_13.auto\postgres.windows-x64\src\backend\utils\adt\ri_triggers.c
    Line: 2479
    Routine: ri_ReportViolation
   --- End of inner exception stack trace ---
   at Microsoft.EntityFrameworkCore.Update.ReaderModificationCommandBatch.ExecuteAsync(IRelationalConnection connection, CancellationToken cancellationToken)
   at Microsoft.EntityFrameworkCore.Update.Internal.BatchExecutor.ExecuteAsync(IEnumerable`1 commandBatches, IRelationalConnection connection, CancellationToken cancellationToken)
   at Microsoft.EntityFrameworkCore.Update.Internal.BatchExecutor.ExecuteAsync(IEnumerable`1 commandBatches, IRelationalConnection connection, CancellationToken cancellationToken)
   at Microsoft.EntityFrameworkCore.ChangeTracking.Internal.StateManager.SaveChangesAsync(IList`1 entriesToSave, CancellationToken cancellationToken)
   at Microsoft.EntityFrameworkCore.ChangeTracking.Internal.StateManager.SaveChangesAsync(DbContext _, Boolean acceptAllChangesOnSuccess, CancellationToken cancellationToken)
   at Npgsql.EntityFrameworkCore.PostgreSQL.Storage.Internal.NpgsqlExecutionStrategy.ExecuteAsync[TState,TResult](TState state, Func`4 operation, Func`4 verifySucceeded, CancellationToken cancellationToken)
   at Microsoft.EntityFrameworkCore.DbContext.SaveChangesAsync(Boolean acceptAllChangesOnSuccess, CancellationToken cancellationToken) Microsoft.EntityFrameworkCore.DbUpdateException: An error occurred while updating the entries. See the inner exception for details.
 ---> Npgsql.PostgresException (0x80004005): 23503: insert or update on table "Products" violates foreign key constraint "FK_Products_Suppliers_SupplierID"
   at Npgsql.NpgsqlConnector.<>c__DisplayClass160_0.<<DoReadMessage>g__ReadMessageLong|0>d.MoveNext()
--- End of stack trace from previous location where exception was thrown ---
   at Npgsql.NpgsqlConnector.<>c__DisplayClass160_0.<<DoReadMessage>g__ReadMessageLong|0>d.MoveNext()
--- End of stack trace from previous location where exception was thrown ---
   at Npgsql.NpgsqlDataReader.NextResult(Boolean async, Boolean isConsuming)
   at Npgsql.NpgsqlCommand.ExecuteReaderAsync(CommandBehavior behavior, Boolean async, CancellationToken cancellationToken)
   at Npgsql.NpgsqlCommand.ExecuteDbDataReaderAsync(CommandBehavior behavior, CancellationToken cancellationToken)
   at Microsoft.EntityFrameworkCore.Storage.RelationalCommand.ExecuteReaderAsync(RelationalCommandParameterObject parameterObject, CancellationToken cancellationToken)
   at Microsoft.EntityFrameworkCore.Storage.RelationalCommand.ExecuteReaderAsync(RelationalCommandParameterObject parameterObject, CancellationToken cancellationToken)
   at Microsoft.EntityFrameworkCore.Storage.RelationalCommand.ExecuteReaderAsync(RelationalCommandParameterObject parameterObject, CancellationToken cancellationToken)
   at Microsoft.EntityFrameworkCore.Update.ReaderModificationCommandBatch.ExecuteAsync(IRelationalConnection connection, CancellationToken cancellationToken)
  Exception data:
    Severity: ERROR
    SqlState: 23503
    MessageText: insert or update on table "Products" violates foreign key constraint "FK_Products_Suppliers_SupplierID"
    Detail: Detail redacted as it may contain sensitive data. Specify 'Include Error Detail' in the connection string to include this information.
    SchemaName: public
    TableName: Products
    ConstraintName: FK_Products_Suppliers_SupplierID
    File: d:\pginstaller_13.auto\postgres.windows-x64\src\backend\utils\adt\ri_triggers.c
    Line: 2479
    Routine: ri_ReportViolation
   --- End of inner exception stack trace ---
   at Microsoft.EntityFrameworkCore.Update.ReaderModificationCommandBatch.ExecuteAsync(IRelationalConnection connection, CancellationToken cancellationToken)
   at Microsoft.EntityFrameworkCore.Update.Internal.BatchExecutor.ExecuteAsync(IEnumerable`1 commandBatches, IRelationalConnection connection, CancellationToken cancellationToken)
   at Microsoft.EntityFrameworkCore.Update.Internal.BatchExecutor.ExecuteAsync(IEnumerable`1 commandBatches, IRelationalConnection connection, CancellationToken cancellationToken)
   at Microsoft.EntityFrameworkCore.ChangeTracking.Internal.StateManager.SaveChangesAsync(IList`1 entriesToSave, CancellationToken cancellationToken)
   at Microsoft.EntityFrameworkCore.ChangeTracking.Internal.StateManager.SaveChangesAsync(DbContext _, Boolean acceptAllChangesOnSuccess, CancellationToken cancellationToken)
   at Npgsql.EntityFrameworkCore.PostgreSQL.Storage.Internal.NpgsqlExecutionStrategy.ExecuteAsync[TState,TResult](TState state, Func`4 operation, Func`4 verifySucceeded, CancellationToken cancellationToken)
   at Microsoft.EntityFrameworkCore.DbContext.SaveChangesAsync(Boolean acceptAllChangesOnSuccess, CancellationToken cancellationToken)|url: http://localhost/api/products|action: AddPostProduct
2021-05-26 16:20:42.1490||ERROR|ProductManagement.API.Middlewares.ErrorHandlingMiddleware|Error Save !!!  |url: http://localhost/api/products|action: AddPostProduct
2021-05-26 16:22:29.6175||INFO|ProductManagement.API.Controllers.ProductsController|AddProduct |url: http://localhost/api/products|action: AddPostProduct
2021-05-26 16:22:29.6175||INFO|ProductManagement.Application.ProductsService.Services.ProductServices|AddProduct |url: http://localhost/api/products|action: AddPostProduct
2021-05-26 16:27:22.2241||INFO|ProductManagement.API.Controllers.ProductsController|UpdatePutProduct |url: http://localhost/api/products/1|action: UpdatePutProduct
2021-05-26 16:27:22.2241||INFO|ProductManagement.Application.ProductsService.Services.ProductServices|EditProductData |url: http://localhost/api/products/1|action: UpdatePutProduct
2021-05-26 16:27:24.6099||INFO|ProductManagement.Application.ProductsService.Services.ProductServices|GetProductById |url: http://localhost/api/products/1|action: GetProductById
2021-05-26 16:27:34.1383||INFO|ProductManagement.API.Controllers.ProductsController|UpdatePutProduct |url: http://localhost/api/products/1|action: UpdatePutProduct
2021-05-26 16:27:34.1383||INFO|ProductManagement.Application.ProductsService.Services.ProductServices|EditProductData |url: http://localhost/api/products/1|action: UpdatePutProduct
2021-05-26 16:27:36.8253||INFO|ProductManagement.Application.ProductsService.Services.ProductServices|GetProductById |url: http://localhost/api/products/1|action: GetProductById
2021-05-26 16:35:12.3534||INFO|ProductManagement.Application.ProductsService.Services.ProductServices|GetByQuery |url: http://localhost/api/products/filter|action: GetProductByQueryPost
2021-05-26 16:39:46.6520||INFO|ProductManagement.Application.ProductsService.Services.ProductServices|GetByQuery |url: http://localhost/api/products/filter|action: GetProductByQuery
2021-05-26 16:39:46.6678|20102|ERROR|Microsoft.EntityFrameworkCore.Database.Command|Failed executing DbCommand (8ms) [Parameters=[@__p_1='?' (DbType = Int32), @__p_0='?' (DbType = Int32)], CommandType='Text', CommandTimeout='30']
SELECT p."ID", p."Description", p."DiscontinuedDate", p."Name", p."Price", p."Rating", p."ReleaseDate", p."SupplierID"
FROM "Products" AS p
ORDER BY (SELECT 1)
LIMIT @__p_1 OFFSET @__p_0 |url: http://localhost/api/products/filter|action: GetProductByQuery
2021-05-26 16:39:46.6736|10100|ERROR|Microsoft.EntityFrameworkCore.Query|An exception occurred while iterating over the results of a query for context type 'ProductManagement.Persistences.ProductDataContext'.
Npgsql.PostgresException (0x80004005): 2201X: OFFSET must not be negative
   at Npgsql.NpgsqlConnector.<>c__DisplayClass160_0.<<DoReadMessage>g__ReadMessageLong|0>d.MoveNext()
--- End of stack trace from previous location where exception was thrown ---
   at Npgsql.NpgsqlConnector.<>c__DisplayClass160_0.<<DoReadMessage>g__ReadMessageLong|0>d.MoveNext()
--- End of stack trace from previous location where exception was thrown ---
   at Npgsql.NpgsqlDataReader.NextResult(Boolean async, Boolean isConsuming)
   at Npgsql.NpgsqlCommand.ExecuteReaderAsync(CommandBehavior behavior, Boolean async, CancellationToken cancellationToken)
   at Npgsql.NpgsqlCommand.ExecuteDbDataReaderAsync(CommandBehavior behavior, CancellationToken cancellationToken)
   at Microsoft.EntityFrameworkCore.Storage.RelationalCommand.ExecuteReaderAsync(RelationalCommandParameterObject parameterObject, CancellationToken cancellationToken)
   at Microsoft.EntityFrameworkCore.Storage.RelationalCommand.ExecuteReaderAsync(RelationalCommandParameterObject parameterObject, CancellationToken cancellationToken)
   at Microsoft.EntityFrameworkCore.Storage.RelationalCommand.ExecuteReaderAsync(RelationalCommandParameterObject parameterObject, CancellationToken cancellationToken)
   at Microsoft.EntityFrameworkCore.Query.Internal.QueryingEnumerable`1.AsyncEnumerator.InitializeReaderAsync(DbContext _, Boolean result, CancellationToken cancellationToken)
   at Npgsql.EntityFrameworkCore.PostgreSQL.Storage.Internal.NpgsqlExecutionStrategy.ExecuteAsync[TState,TResult](TState state, Func`4 operation, Func`4 verifySucceeded, CancellationToken cancellationToken)
   at Microsoft.EntityFrameworkCore.Query.Internal.QueryingEnumerable`1.AsyncEnumerator.MoveNextAsync()
  Exception data:
    Severity: ERROR
    SqlState: 2201X
    MessageText: OFFSET must not be negative
    File: d:\pginstaller_13.auto\postgres.windows-x64\src\backend\executor\nodelimit.c
    Line: 374
    Routine: recompute_limits Npgsql.PostgresException (0x80004005): 2201X: OFFSET must not be negative
   at Npgsql.NpgsqlConnector.<>c__DisplayClass160_0.<<DoReadMessage>g__ReadMessageLong|0>d.MoveNext()
--- End of stack trace from previous location where exception was thrown ---
   at Npgsql.NpgsqlConnector.<>c__DisplayClass160_0.<<DoReadMessage>g__ReadMessageLong|0>d.MoveNext()
--- End of stack trace from previous location where exception was thrown ---
   at Npgsql.NpgsqlDataReader.NextResult(Boolean async, Boolean isConsuming)
   at Npgsql.NpgsqlCommand.ExecuteReaderAsync(CommandBehavior behavior, Boolean async, CancellationToken cancellationToken)
   at Npgsql.NpgsqlCommand.ExecuteDbDataReaderAsync(CommandBehavior behavior, CancellationToken cancellationToken)
   at Microsoft.EntityFrameworkCore.Storage.RelationalCommand.ExecuteReaderAsync(RelationalCommandParameterObject parameterObject, CancellationToken cancellationToken)
   at Microsoft.EntityFrameworkCore.Storage.RelationalCommand.ExecuteReaderAsync(RelationalCommandParameterObject parameterObject, CancellationToken cancellationToken)
   at Microsoft.EntityFrameworkCore.Storage.RelationalCommand.ExecuteReaderAsync(RelationalCommandParameterObject parameterObject, CancellationToken cancellationToken)
   at Microsoft.EntityFrameworkCore.Query.Internal.QueryingEnumerable`1.AsyncEnumerator.InitializeReaderAsync(DbContext _, Boolean result, CancellationToken cancellationToken)
   at Npgsql.EntityFrameworkCore.PostgreSQL.Storage.Internal.NpgsqlExecutionStrategy.ExecuteAsync[TState,TResult](TState state, Func`4 operation, Func`4 verifySucceeded, CancellationToken cancellationToken)
   at Microsoft.EntityFrameworkCore.Query.Internal.QueryingEnumerable`1.AsyncEnumerator.MoveNextAsync()
  Exception data:
    Severity: ERROR
    SqlState: 2201X
    MessageText: OFFSET must not be negative
    File: d:\pginstaller_13.auto\postgres.windows-x64\src\backend\executor\nodelimit.c
    Line: 374
    Routine: recompute_limits|url: http://localhost/api/products/filter|action: GetProductByQuery
2021-05-26 16:39:46.8279||ERROR|ProductManagement.API.Middlewares.ErrorHandlingMiddleware|2201X: OFFSET must not be negative |url: http://localhost/api/products/filter|action: GetProductByQuery
